[BUG]: Command '['C:\\Program Files\\Python314\\python.exe', '-m', 'PyInstaller', '--clean', '--distpath', 'dist', '--workpath', '.pyarmor\\pack\\build', 'ColorAim.patched.spec']' returned non-zero exit status 1.

## Command Line
C:\Users\chung\AppData\Roaming\Python\Python314\Scripts\pyarmor gen --pack ColorAim.spec -r q7.py m2.py k9.py p4.py t1.py w6.py n3.py v8.py x0.py license_key.py

## Environments
Python 3.14.3
Pyarmor 9.2.3 (trial), 000000, non-profits
Platform windows.x86_64
Native windows.amd64
Home C:\Users\chung\.pyarmor

## Traceback
Traceback (most recent call last):
  File "C:\Users\chung\AppData\Roaming\Python\Python314\site-packages\pyarmor\cli\__main__.py", line 796, in main
    main_entry(sys.argv[1:])
    ~~~~~~~~~~^^^^^^^^^^^^^^
  File "C:\Users\chung\AppData\Roaming\Python\Python314\site-packages\pyarmor\cli\__main__.py", line 789, in main_entry
    return args.func(ctx, args)
           ~~~~~~~~~^^^^^^^^^^^
  File "C:\Users\chung\AppData\Roaming\Python\Python314\site-packages\pyarmor\cli\__main__.py", line 246, in cmd_gen
    packer.build()
    ~~~~~~~~~~~~^^
  File "C:\Users\chung\AppData\Roaming\Python\Python314\site-packages\pyarmor\cli\repack.py", line 338, in build
    check_call(cmdlist)
    ~~~~~~~~~~^^^^^^^^^
  File "C:\Program Files\Python314\Lib\subprocess.py", line 419, in check_call
    raise CalledProcessError(retcode, cmd)
subprocess.CalledProcessError: Command '['C:\\Program Files\\Python314\\python.exe', '-m', 'PyInstaller', '--clean', '--distpath', 'dist', '--workpath', '.pyarmor\\pack\\build', 'ColorAim.patched.spec']' returned non-zero exit status 1.


